[06-Aug-2025 18:52:06 UTC] Automatic updates starting...
[06-Aug-2025 18:52:06 UTC]   Automatic plugin updates starting...
[06-Aug-2025 18:52:06 UTC]   Automatic plugin updates complete.
[06-Aug-2025 18:52:07 UTC]   Automatic theme updates starting...
[06-Aug-2025 18:52:07 UTC]   Automatic theme updates complete.
[06-Aug-2025 18:52:07 UTC] Automatic updates complete.
[07-Aug-2025 08:17:05 UTC] Automatic updates starting...
[07-Aug-2025 08:17:05 UTC]   Automatic plugin updates starting...
[07-Aug-2025 08:17:05 UTC]   Automatic plugin updates complete.
[07-Aug-2025 08:17:06 UTC]   Automatic theme updates starting...
[07-Aug-2025 08:17:06 UTC]   Automatic theme updates complete.
[07-Aug-2025 08:17:06 UTC] Automatic updates complete.
[07-Aug-2025 19:19:31 UTC] Automatic updates starting...
[07-Aug-2025 19:19:31 UTC]   Automatic plugin updates starting...
[07-Aug-2025 19:19:32 UTC]   Automatic plugin updates complete.
[07-Aug-2025 19:19:32 UTC]   Automatic theme updates starting...
[07-Aug-2025 19:19:32 UTC]   Automatic theme updates complete.
[07-Aug-2025 19:19:32 UTC] Automatic updates complete.
[08-Aug-2025 06:54:26 UTC] Automatic updates starting...
[08-Aug-2025 06:54:26 UTC]   Automatic plugin updates starting...
[08-Aug-2025 06:54:26 UTC]   Automatic plugin updates complete.
[08-Aug-2025 06:54:27 UTC]   Automatic theme updates starting...
[08-Aug-2025 06:54:27 UTC]   Automatic theme updates complete.
[08-Aug-2025 06:54:27 UTC] Automatic updates complete.
[08-Aug-2025 18:46:59 UTC] Automatic updates starting...
[08-Aug-2025 18:46:59 UTC]   Automatic plugin updates starting...
[08-Aug-2025 18:46:59 UTC]   Automatic plugin updates complete.
[08-Aug-2025 18:46:59 UTC]   Automatic theme updates starting...
[08-Aug-2025 18:46:59 UTC]   Automatic theme updates complete.
[08-Aug-2025 18:46:59 UTC] Automatic updates complete.
[09-Aug-2025 07:43:34 UTC] Automatic updates starting...
[09-Aug-2025 07:43:34 UTC]   Automatic plugin updates starting...
[09-Aug-2025 07:43:34 UTC]   Automatic plugin updates complete.
[09-Aug-2025 07:43:35 UTC]   Automatic theme updates starting...
[09-Aug-2025 07:43:35 UTC]   Automatic theme updates complete.
[09-Aug-2025 07:43:35 UTC] Automatic updates complete.
[09-Aug-2025 19:11:05 UTC] Automatic updates starting...
[09-Aug-2025 19:11:05 UTC]   Automatic plugin updates starting...
[09-Aug-2025 19:11:06 UTC]   Automatic plugin updates complete.
[09-Aug-2025 19:11:06 UTC]   Automatic theme updates starting...
[09-Aug-2025 19:11:06 UTC]   Automatic theme updates complete.
[09-Aug-2025 19:11:06 UTC] Automatic updates complete.
[10-Aug-2025 07:08:24 UTC] Automatic updates starting...
[10-Aug-2025 07:08:25 UTC]   Automatic plugin updates starting...
[10-Aug-2025 07:08:25 UTC]   Automatic plugin updates complete.
[10-Aug-2025 07:08:25 UTC]   Automatic theme updates starting...
[10-Aug-2025 07:08:25 UTC]   Automatic theme updates complete.
[10-Aug-2025 07:08:25 UTC] Automatic updates complete.
[10-Aug-2025 18:53:56 UTC] Automatic updates starting...
[10-Aug-2025 18:53:57 UTC]   Automatic plugin updates starting...
[10-Aug-2025 18:53:57 UTC]   Automatic plugin updates complete.
[10-Aug-2025 18:53:57 UTC]   Automatic theme updates starting...
[10-Aug-2025 18:53:57 UTC]   Automatic theme updates complete.
[10-Aug-2025 18:53:57 UTC] Automatic updates complete.
[11-Aug-2025 07:21:53 UTC] Automatic updates starting...
[11-Aug-2025 07:21:53 UTC]   Automatic plugin updates starting...
[11-Aug-2025 07:21:53 UTC]   Automatic plugin updates complete.
[11-Aug-2025 07:21:53 UTC]   Automatic theme updates starting...
[11-Aug-2025 07:21:53 UTC]   Automatic theme updates complete.
[11-Aug-2025 07:21:53 UTC] Automatic updates complete.
[11-Aug-2025 18:46:19 UTC] Automatic updates starting...
[11-Aug-2025 18:46:19 UTC]   Automatic plugin updates starting...
[11-Aug-2025 18:46:19 UTC]   Automatic plugin updates complete.
[11-Aug-2025 18:46:20 UTC]   Automatic theme updates starting...
[11-Aug-2025 18:46:20 UTC]   Automatic theme updates complete.
[11-Aug-2025 18:46:20 UTC] Automatic updates complete.
[12-Aug-2025 06:38:51 UTC] Automatic updates starting...
[12-Aug-2025 06:38:52 UTC]   Automatic plugin updates starting...
[12-Aug-2025 06:38:52 UTC]   Automatic plugin updates complete.
[12-Aug-2025 06:38:52 UTC]   Automatic theme updates starting...
[12-Aug-2025 06:38:52 UTC]   Automatic theme updates complete.
[12-Aug-2025 06:38:52 UTC] Automatic updates complete.
[12-Aug-2025 18:56:24 UTC] Automatic updates starting...
[12-Aug-2025 18:56:24 UTC]   Automatic plugin updates starting...
[12-Aug-2025 18:56:24 UTC]   Automatic plugin updates complete.
[12-Aug-2025 18:56:24 UTC]   Automatic theme updates starting...
[12-Aug-2025 18:56:24 UTC]   Automatic theme updates complete.
[12-Aug-2025 18:56:24 UTC] Automatic updates complete.
[13-Aug-2025 06:37:56 UTC] Automatic updates starting...
[13-Aug-2025 06:37:57 UTC]   Automatic plugin updates starting...
[13-Aug-2025 06:37:57 UTC]   Automatic plugin updates complete.
[13-Aug-2025 06:37:57 UTC]   Automatic theme updates starting...
[13-Aug-2025 06:37:57 UTC]   Automatic theme updates complete.
[13-Aug-2025 06:37:57 UTC] Automatic updates complete.
[13-Aug-2025 18:59:03 UTC] Automatic updates starting...
[13-Aug-2025 18:59:04 UTC]   Automatic plugin updates starting...
[13-Aug-2025 18:59:04 UTC]   Automatic plugin updates complete.
[13-Aug-2025 18:59:04 UTC]   Automatic theme updates starting...
[13-Aug-2025 18:59:04 UTC]   Automatic theme updates complete.
[13-Aug-2025 18:59:04 UTC] Automatic updates complete.
[14-Aug-2025 07:30:35 UTC] Automatic updates starting...
[14-Aug-2025 07:30:36 UTC]   Automatic plugin updates starting...
[14-Aug-2025 07:30:36 UTC]   Automatic plugin updates complete.
[14-Aug-2025 07:30:37 UTC]   Automatic theme updates starting...
[14-Aug-2025 07:30:37 UTC]   Automatic theme updates complete.
[14-Aug-2025 07:30:37 UTC] Automatic updates complete.
[14-Aug-2025 20:02:37 UTC] Automatic updates starting...
[14-Aug-2025 20:02:37 UTC]   Automatic plugin updates starting...
[14-Aug-2025 20:02:37 UTC]   Automatic plugin updates complete.
[14-Aug-2025 20:02:37 UTC]   Automatic theme updates starting...
[14-Aug-2025 20:02:37 UTC]   Automatic theme updates complete.
[14-Aug-2025 20:02:37 UTC] Automatic updates complete.
[15-Aug-2025 06:38:00 UTC] Automatic updates starting...
[15-Aug-2025 06:38:01 UTC]   Automatic plugin updates starting...
[15-Aug-2025 06:38:01 UTC]   Automatic plugin updates complete.
[15-Aug-2025 06:38:01 UTC]   Automatic theme updates starting...
[15-Aug-2025 06:38:01 UTC]   Automatic theme updates complete.
[15-Aug-2025 06:38:01 UTC] Automatic updates complete.
[15-Aug-2025 18:50:47 UTC] Automatic updates starting...
[15-Aug-2025 18:50:47 UTC]   Automatic plugin updates starting...
[15-Aug-2025 18:50:48 UTC]   Automatic plugin updates complete.
[15-Aug-2025 18:50:48 UTC]   Automatic theme updates starting...
[15-Aug-2025 18:50:48 UTC]   Automatic theme updates complete.
[15-Aug-2025 18:50:48 UTC] Automatic updates complete.
[16-Aug-2025 11:45:54 UTC] Automatic updates starting...
[16-Aug-2025 11:45:55 UTC]   Automatic plugin updates starting...
[16-Aug-2025 11:45:55 UTC]   Automatic plugin updates complete.
[16-Aug-2025 11:45:55 UTC]   Automatic theme updates starting...
[16-Aug-2025 11:45:55 UTC]   Automatic theme updates complete.
[16-Aug-2025 11:45:55 UTC] Automatic updates complete.
[16-Aug-2025 19:43:17 UTC] Automatic updates starting...
[16-Aug-2025 19:43:17 UTC]   Automatic plugin updates starting...
[16-Aug-2025 19:43:18 UTC]   Automatic plugin updates complete.
[16-Aug-2025 19:43:18 UTC]   Automatic theme updates starting...
[16-Aug-2025 19:43:18 UTC]   Automatic theme updates complete.
[16-Aug-2025 19:43:18 UTC] Automatic updates complete.
[17-Aug-2025 06:55:01 UTC] Automatic updates starting...
[17-Aug-2025 06:55:01 UTC]   Automatic plugin updates starting...
[17-Aug-2025 06:55:01 UTC]   Automatic plugin updates complete.
[17-Aug-2025 06:55:02 UTC]   Automatic theme updates starting...
[17-Aug-2025 06:55:02 UTC]   Automatic theme updates complete.
[17-Aug-2025 06:55:02 UTC] Automatic updates complete.
[17-Aug-2025 19:09:34 UTC] Automatic updates starting...
[17-Aug-2025 19:09:35 UTC]   Automatic plugin updates starting...
[17-Aug-2025 19:09:35 UTC]   Automatic plugin updates complete.
[17-Aug-2025 19:09:36 UTC]   Automatic theme updates starting...
[17-Aug-2025 19:09:36 UTC]   Automatic theme updates complete.
[17-Aug-2025 19:09:36 UTC] Automatic updates complete.
[18-Aug-2025 07:10:01 UTC] Automatic updates starting...
[18-Aug-2025 07:10:01 UTC]   Automatic plugin updates starting...
[18-Aug-2025 07:10:01 UTC]   Automatic plugin updates complete.
[18-Aug-2025 07:10:01 UTC]   Automatic theme updates starting...
[18-Aug-2025 07:10:01 UTC]   Automatic theme updates complete.
[18-Aug-2025 07:10:01 UTC] Automatic updates complete.
[18-Aug-2025 19:07:15 UTC] Automatic updates starting...
[18-Aug-2025 19:07:15 UTC]   Automatic plugin updates starting...
[18-Aug-2025 19:07:15 UTC]   Automatic plugin updates complete.
[18-Aug-2025 19:07:16 UTC]   Automatic theme updates starting...
[18-Aug-2025 19:07:16 UTC]   Automatic theme updates complete.
[18-Aug-2025 19:07:16 UTC] Automatic updates complete.
[19-Aug-2025 06:45:07 UTC] Automatic updates starting...
[19-Aug-2025 06:45:08 UTC]   Automatic plugin updates starting...
[19-Aug-2025 06:45:36 UTC]   Automatic plugin updates complete.
[19-Aug-2025 06:45:38 UTC]   Automatic theme updates starting...
[19-Aug-2025 06:45:39 UTC]   Automatic theme updates complete.
[19-Aug-2025 06:45:39 UTC] Automatic updates complete.
[19-Aug-2025 19:10:34 UTC] Automatic updates starting...
[19-Aug-2025 19:10:34 UTC]   Automatic plugin updates starting...
[19-Aug-2025 19:10:34 UTC]   Automatic plugin updates complete.
[19-Aug-2025 19:10:35 UTC]   Automatic theme updates starting...
[19-Aug-2025 19:10:35 UTC]   Automatic theme updates complete.
[19-Aug-2025 19:10:35 UTC] Automatic updates complete.
[20-Aug-2025 06:51:31 UTC] Automatic updates starting...
[20-Aug-2025 06:51:31 UTC]   Automatic plugin updates starting...
[20-Aug-2025 06:51:31 UTC]   Automatic plugin updates complete.
[20-Aug-2025 06:51:32 UTC]   Automatic theme updates starting...
[20-Aug-2025 06:51:32 UTC]   Automatic theme updates complete.
[20-Aug-2025 06:51:32 UTC] Automatic updates complete.
[20-Aug-2025 20:46:02 UTC] Automatic updates starting...
[20-Aug-2025 20:46:03 UTC]   Automatic plugin updates starting...
[20-Aug-2025 20:46:03 UTC]   Automatic plugin updates complete.
[20-Aug-2025 20:46:03 UTC]   Automatic theme updates starting...
[20-Aug-2025 20:46:03 UTC]   Automatic theme updates complete.
[20-Aug-2025 20:46:03 UTC] Automatic updates complete.
[21-Aug-2025 07:20:48 UTC] Automatic updates starting...
[21-Aug-2025 07:20:49 UTC]   Automatic plugin updates starting...
[21-Aug-2025 07:20:49 UTC]   Automatic plugin updates complete.
[21-Aug-2025 07:20:49 UTC]   Automatic theme updates starting...
[21-Aug-2025 07:20:49 UTC]   Automatic theme updates complete.
[21-Aug-2025 07:20:49 UTC] Automatic updates complete.
[21-Aug-2025 20:36:00 UTC] Automatic updates starting...
[21-Aug-2025 20:36:00 UTC]   Automatic plugin updates starting...
[21-Aug-2025 20:36:00 UTC]   Automatic plugin updates complete.
[21-Aug-2025 20:36:01 UTC]   Automatic theme updates starting...
[21-Aug-2025 20:36:01 UTC]   Automatic theme updates complete.
[21-Aug-2025 20:36:01 UTC] Automatic updates complete.
[22-Aug-2025 06:50:06 UTC] Automatic updates starting...
[22-Aug-2025 06:50:07 UTC]   Automatic plugin updates starting...
[22-Aug-2025 06:50:07 UTC]   Automatic plugin updates complete.
[22-Aug-2025 06:50:07 UTC]   Automatic theme updates starting...
[22-Aug-2025 06:50:07 UTC]   Automatic theme updates complete.
[22-Aug-2025 06:50:07 UTC] Automatic updates complete.
[22-Aug-2025 19:04:15 UTC] Automatic updates starting...
[22-Aug-2025 19:04:16 UTC]   Automatic plugin updates starting...
[22-Aug-2025 19:04:16 UTC]   Automatic plugin updates complete.
[22-Aug-2025 19:04:16 UTC]   Automatic theme updates starting...
[22-Aug-2025 19:04:16 UTC]   Automatic theme updates complete.
[22-Aug-2025 19:04:16 UTC] Automatic updates complete.
[23-Aug-2025 06:53:27 UTC] Automatic updates starting...
[23-Aug-2025 06:53:28 UTC]   Automatic plugin updates starting...
[23-Aug-2025 06:53:28 UTC]   Automatic plugin updates complete.
[23-Aug-2025 06:53:28 UTC]   Automatic theme updates starting...
[23-Aug-2025 06:53:28 UTC]   Automatic theme updates complete.
[23-Aug-2025 06:53:28 UTC] Automatic updates complete.
[23-Aug-2025 18:50:15 UTC] Automatic updates starting...
[23-Aug-2025 18:50:15 UTC]   Automatic plugin updates starting...
[23-Aug-2025 18:50:15 UTC]   Automatic plugin updates complete.
[23-Aug-2025 18:50:16 UTC]   Automatic theme updates starting...
[23-Aug-2025 18:50:16 UTC]   Automatic theme updates complete.
[23-Aug-2025 18:50:16 UTC] Automatic updates complete.
[24-Aug-2025 06:38:26 UTC] Automatic updates starting...
[24-Aug-2025 06:38:27 UTC]   Automatic plugin updates starting...
[24-Aug-2025 06:38:27 UTC]   Automatic plugin updates complete.
[24-Aug-2025 06:38:27 UTC]   Automatic theme updates starting...
[24-Aug-2025 06:38:27 UTC]   Automatic theme updates complete.
[24-Aug-2025 06:38:27 UTC] Automatic updates complete.
[24-Aug-2025 18:55:01 UTC] Automatic updates starting...
[24-Aug-2025 18:55:01 UTC]   Automatic plugin updates starting...
[24-Aug-2025 18:55:01 UTC]   Automatic plugin updates complete.
[24-Aug-2025 18:55:01 UTC]   Automatic theme updates starting...
[24-Aug-2025 18:55:01 UTC]   Automatic theme updates complete.
[24-Aug-2025 18:55:01 UTC] Automatic updates complete.
[25-Aug-2025 06:51:45 UTC] Automatic updates starting...
[25-Aug-2025 06:51:45 UTC]   Automatic plugin updates starting...
[25-Aug-2025 06:51:45 UTC]   Automatic plugin updates complete.
[25-Aug-2025 06:51:46 UTC]   Automatic theme updates starting...
[25-Aug-2025 06:51:46 UTC]   Automatic theme updates complete.
[25-Aug-2025 06:51:46 UTC] Automatic updates complete.
[25-Aug-2025 19:56:54 UTC] Automatic updates starting...
[25-Aug-2025 19:56:54 UTC]   Automatic plugin updates starting...
[25-Aug-2025 19:56:55 UTC]   Automatic plugin updates complete.
[25-Aug-2025 19:56:55 UTC]   Automatic theme updates starting...
[25-Aug-2025 19:56:55 UTC]   Automatic theme updates complete.
[25-Aug-2025 19:56:55 UTC] Automatic updates complete.
[26-Aug-2025 08:16:36 UTC] Automatic updates starting...
[26-Aug-2025 08:16:36 UTC]   Automatic plugin updates starting...
[26-Aug-2025 08:16:36 UTC]   Automatic plugin updates complete.
[26-Aug-2025 08:16:37 UTC]   Automatic theme updates starting...
[26-Aug-2025 08:16:37 UTC]   Automatic theme updates complete.
[26-Aug-2025 08:16:37 UTC] Automatic updates complete.
[26-Aug-2025 18:48:37 UTC] Automatic updates starting...
[26-Aug-2025 18:48:37 UTC]   Automatic plugin updates starting...
[26-Aug-2025 18:48:37 UTC]   Automatic plugin updates complete.
[26-Aug-2025 18:48:37 UTC]   Automatic theme updates starting...
[26-Aug-2025 18:48:37 UTC]   Automatic theme updates complete.
[26-Aug-2025 18:48:37 UTC] Automatic updates complete.
[27-Aug-2025 08:18:13 UTC] Automatic updates starting...
[27-Aug-2025 08:18:13 UTC]   Automatic plugin updates starting...
[27-Aug-2025 08:18:13 UTC]   Automatic plugin updates complete.
[27-Aug-2025 08:18:13 UTC]   Automatic theme updates starting...
[27-Aug-2025 08:18:13 UTC]   Automatic theme updates complete.
[27-Aug-2025 08:18:13 UTC] Automatic updates complete.
[27-Aug-2025 19:13:07 UTC] Automatic updates starting...
[27-Aug-2025 19:13:08 UTC]   Automatic plugin updates starting...
[27-Aug-2025 19:13:08 UTC]   Automatic plugin updates complete.
[27-Aug-2025 19:13:08 UTC]   Automatic theme updates starting...
[27-Aug-2025 19:13:08 UTC]   Automatic theme updates complete.
[27-Aug-2025 19:13:08 UTC] Automatic updates complete.
[28-Aug-2025 07:03:19 UTC] Automatic updates starting...
[28-Aug-2025 07:03:19 UTC]   Automatic plugin updates starting...
[28-Aug-2025 07:03:19 UTC]   Automatic plugin updates complete.
[28-Aug-2025 07:03:20 UTC]   Automatic theme updates starting...
[28-Aug-2025 07:03:20 UTC]   Automatic theme updates complete.
[28-Aug-2025 07:03:20 UTC] Automatic updates complete.
[28-Aug-2025 19:10:20 UTC] Automatic updates starting...
[28-Aug-2025 19:10:20 UTC]   Automatic plugin updates starting...
[28-Aug-2025 19:10:20 UTC]   Automatic plugin updates complete.
[28-Aug-2025 19:10:20 UTC]   Automatic theme updates starting...
[28-Aug-2025 19:10:20 UTC]   Automatic theme updates complete.
[28-Aug-2025 19:10:20 UTC] Automatic updates complete.
[29-Aug-2025 06:55:43 UTC] Automatic updates starting...
[29-Aug-2025 06:55:43 UTC]   Automatic plugin updates starting...
[29-Aug-2025 06:55:43 UTC]   Automatic plugin updates complete.
[29-Aug-2025 06:55:44 UTC]   Automatic theme updates starting...
[29-Aug-2025 06:55:44 UTC]   Automatic theme updates complete.
[29-Aug-2025 06:55:44 UTC] Automatic updates complete.
[29-Aug-2025 18:40:18 UTC] Automatic updates starting...
[29-Aug-2025 18:40:19 UTC]   Automatic plugin updates starting...
[29-Aug-2025 18:40:19 UTC]   Automatic plugin updates complete.
[29-Aug-2025 18:40:19 UTC]   Automatic theme updates starting...
[29-Aug-2025 18:40:19 UTC]   Automatic theme updates complete.
[29-Aug-2025 18:40:19 UTC] Automatic updates complete.
[30-Aug-2025 06:55:23 UTC] Automatic updates starting...
[30-Aug-2025 06:55:24 UTC]   Automatic plugin updates starting...
[30-Aug-2025 06:55:24 UTC]   Automatic plugin updates complete.
[30-Aug-2025 06:55:24 UTC]   Automatic theme updates starting...
[30-Aug-2025 06:55:24 UTC]   Automatic theme updates complete.
[30-Aug-2025 06:55:24 UTC] Automatic updates complete.
[30-Aug-2025 20:03:36 UTC] Automatic updates starting...
[30-Aug-2025 20:03:37 UTC]   Automatic plugin updates starting...
[30-Aug-2025 20:03:37 UTC]   Automatic plugin updates complete.
[30-Aug-2025 20:03:37 UTC]   Automatic theme updates starting...
[30-Aug-2025 20:03:37 UTC]   Automatic theme updates complete.
[30-Aug-2025 20:03:37 UTC] Automatic updates complete.
[31-Aug-2025 07:16:49 UTC] Automatic updates starting...
[31-Aug-2025 07:16:49 UTC]   Automatic plugin updates starting...
[31-Aug-2025 07:16:50 UTC]   Automatic plugin updates complete.
[31-Aug-2025 07:16:50 UTC]   Automatic theme updates starting...
[31-Aug-2025 07:16:50 UTC]   Automatic theme updates complete.
[31-Aug-2025 07:16:50 UTC] Automatic updates complete.
[31-Aug-2025 18:42:15 UTC] Automatic updates starting...
[31-Aug-2025 18:42:16 UTC]   Automatic plugin updates starting...
[31-Aug-2025 18:42:16 UTC]   Automatic plugin updates complete.
[31-Aug-2025 18:42:16 UTC]   Automatic theme updates starting...
[31-Aug-2025 18:42:16 UTC]   Automatic theme updates complete.
[31-Aug-2025 18:42:16 UTC] Automatic updates complete.
[01-Sep-2025 06:41:10 UTC] Automatic updates starting...
[01-Sep-2025 06:41:10 UTC]   Automatic plugin updates starting...
[01-Sep-2025 06:41:10 UTC]   Automatic plugin updates complete.
[01-Sep-2025 06:41:10 UTC]   Automatic theme updates starting...
[01-Sep-2025 06:41:10 UTC]   Automatic theme updates complete.
[01-Sep-2025 06:41:10 UTC] Automatic updates complete.
[01-Sep-2025 18:54:57 UTC] Automatic updates starting...
[01-Sep-2025 18:54:57 UTC]   Automatic plugin updates starting...
[01-Sep-2025 18:54:57 UTC]   Automatic plugin updates complete.
[01-Sep-2025 18:54:58 UTC]   Automatic theme updates starting...
[01-Sep-2025 18:54:58 UTC]   Automatic theme updates complete.
[01-Sep-2025 18:54:58 UTC] Automatic updates complete.
[02-Sep-2025 06:40:59 UTC] Automatic updates starting...
[02-Sep-2025 06:41:00 UTC]   Automatic plugin updates starting...
[02-Sep-2025 06:41:00 UTC]   Automatic plugin updates complete.
[02-Sep-2025 06:41:00 UTC]   Automatic theme updates starting...
[02-Sep-2025 06:41:00 UTC]   Automatic theme updates complete.
[02-Sep-2025 06:41:00 UTC] Automatic updates complete.
[02-Sep-2025 18:51:40 UTC] Automatic updates starting...
[02-Sep-2025 18:51:40 UTC]   Automatic plugin updates starting...
[02-Sep-2025 18:51:40 UTC]   Automatic plugin updates complete.
[02-Sep-2025 18:51:41 UTC]   Automatic theme updates starting...
[02-Sep-2025 18:51:41 UTC]   Automatic theme updates complete.
[02-Sep-2025 18:51:41 UTC] Automatic updates complete.
[03-Sep-2025 06:58:07 UTC] Automatic updates starting...
[03-Sep-2025 06:58:07 UTC]   Automatic plugin updates starting...
[03-Sep-2025 06:58:07 UTC]   Automatic plugin updates complete.
[03-Sep-2025 06:58:08 UTC]   Automatic theme updates starting...
[03-Sep-2025 06:58:08 UTC]   Automatic theme updates complete.
[03-Sep-2025 06:58:08 UTC] Automatic updates complete.
[03-Sep-2025 20:37:19 UTC] Automatic updates starting...
[03-Sep-2025 20:37:19 UTC]   Automatic plugin updates starting...
[03-Sep-2025 20:37:19 UTC]   Automatic plugin updates complete.
[03-Sep-2025 20:37:19 UTC]   Automatic theme updates starting...
[03-Sep-2025 20:37:19 UTC]   Automatic theme updates complete.
[03-Sep-2025 20:37:19 UTC] Automatic updates complete.
[04-Sep-2025 06:38:50 UTC] Automatic updates starting...
[04-Sep-2025 06:38:51 UTC]   Automatic plugin updates starting...
[04-Sep-2025 06:38:51 UTC]   Automatic plugin updates complete.
[04-Sep-2025 06:38:51 UTC]   Automatic theme updates starting...
[04-Sep-2025 06:38:51 UTC]   Automatic theme updates complete.
[04-Sep-2025 06:38:51 UTC] Automatic updates complete.
[04-Sep-2025 18:37:30 UTC] Automatic updates starting...
[04-Sep-2025 18:37:30 UTC]   Automatic plugin updates starting...
[04-Sep-2025 18:37:30 UTC]   Automatic plugin updates complete.
[04-Sep-2025 18:37:31 UTC]   Automatic theme updates starting...
[04-Sep-2025 18:37:31 UTC]   Automatic theme updates complete.
[04-Sep-2025 18:37:31 UTC] Automatic updates complete.
[05-Sep-2025 07:17:48 UTC] Automatic updates starting...
[05-Sep-2025 07:17:49 UTC]   Automatic plugin updates starting...
[05-Sep-2025 07:17:49 UTC]   Automatic plugin updates complete.
[05-Sep-2025 07:17:49 UTC]   Automatic theme updates starting...
[05-Sep-2025 07:17:49 UTC]   Automatic theme updates complete.
[05-Sep-2025 07:17:49 UTC] Automatic updates complete.
[05-Sep-2025 13:48:33 UTC] WordPress database error Unknown column 'heading' in 'INSERT INTO' for query INSERT INTO wp_city_users
    (device_id, lat, lon, heading, accuracy, speed, current_route, updated_at)
    VALUES ('id-mee6958o-m5gofa3bx',52.380870,5.197893,'','100','','sesam-ah-kapper', NOW())
    ON DUPLICATE KEY UPDATE
      lat=VALUES(lat), lon=VALUES(lon), heading=VALUES(heading),
      accuracy=VALUES(accuracy), speed=VALUES(speed),
      current_route=VALUES(current_route), updated_at=NOW()
[05-Sep-2025 13:48:34 UTC] WordPress database error Unknown column 'heading' in 'INSERT INTO' for query INSERT INTO wp_city_users
    (device_id, lat, lon, heading, accuracy, speed, current_route, updated_at)
    VALUES ('id-mee6958o-m5gofa3bx',52.380871,5.197890,'289.71594882854','13.102000236511','','sesam-ah-kapper', NOW())
    ON DUPLICATE KEY UPDATE
      lat=VALUES(lat), lon=VALUES(lon), heading=VALUES(heading),
      accuracy=VALUES(accuracy), speed=VALUES(speed),
      current_route=VALUES(current_route), updated_at=NOW()
[05-Sep-2025 13:48:42 UTC] WordPress database error Unknown column 'heading' in 'INSERT INTO' for query INSERT INTO wp_city_users
    (device_id, lat, lon, heading, accuracy, speed, current_route, updated_at)
    VALUES ('id-mee6958o-m5gofa3bx',52.380871,5.197818,'270.65183700554','12.968000411987','0.47229555249214','sesam-ah-kapper', NOW())
    ON DUPLICATE KEY UPDATE
      lat=VALUES(lat), lon=VALUES(lon), heading=VALUES(heading),
      accuracy=VALUES(accuracy), speed=VALUES(speed),
      current_route=VALUES(current_route), updated_at=NOW()
[05-Sep-2025 13:48:47 UTC] WordPress database error Unknown column 'heading' in 'INSERT INTO' for query INSERT INTO wp_city_users
    (device_id, lat, lon, heading, accuracy, speed, current_route, updated_at)
    VALUES ('id-mee6958o-m5gofa3bx',52.380874,5.197812,'310.21603797502','13.842000007629','0.10651398450136','sesam-ah-kapper', NOW())
    ON DUPLICATE KEY UPDATE
      lat=VALUES(lat), lon=VALUES(lon), heading=VALUES(heading),
      accuracy=VALUES(accuracy), speed=VALUES(speed),
      current_route=VALUES(current_route), updated_at=NOW()
[05-Sep-2025 13:48:52 UTC] WordPress database error Unknown column 'heading' in 'INSERT INTO' for query INSERT INTO wp_city_users
    (device_id, lat, lon, heading, accuracy, speed, current_route, updated_at)
    VALUES ('id-mee6958o-m5gofa3bx',52.380878,5.197808,'333.52827106972','14.642999649048','0.10668829083443','sesam-ah-kapper', NOW())
    ON DUPLICATE KEY UPDATE
      lat=VALUES(lat), lon=VALUES(lon), heading=VALUES(heading),
      accuracy=VALUES(accuracy), speed=VALUES(speed),
      current_route=VALUES(current_route), updated_at=NOW()
[05-Sep-2025 18:39:29 UTC] Automatic updates starting...
[05-Sep-2025 18:39:29 UTC]   Automatic plugin updates starting...
[05-Sep-2025 18:39:29 UTC]   Automatic plugin updates complete.
[05-Sep-2025 18:39:29 UTC]   Automatic theme updates starting...
[05-Sep-2025 18:39:29 UTC]   Automatic theme updates complete.
[05-Sep-2025 18:39:29 UTC] Automatic updates complete.
[05-Sep-2025 23:24:43 UTC] JavaScript Error: Uncaught ReferenceError: opts is not defined in  on line 10 column 42 at https://citytouramsterdam.nl/
[05-Sep-2025 23:24:43 UTC] JavaScript Error: Uncaught ReferenceError: opts is not defined in  on line 10 column 42 at https://citytouramsterdam.nl/
[05-Sep-2025 23:24:44 UTC] JavaScript Error: Uncaught ReferenceError: elementorModules is not defined in https://citytouramsterdam.nl/wp-content/plugins/elementor-pro/assets/js/frontend.js?ver=3.29.0 on line 777 column 24 at https://citytouramsterdam.nl/
[06-Sep-2025 06:38:43 UTC] Automatic updates starting...
[06-Sep-2025 06:38:43 UTC]   Automatic plugin updates starting...
[06-Sep-2025 06:38:43 UTC]   Automatic plugin updates complete.
[06-Sep-2025 06:38:43 UTC]   Automatic theme updates starting...
[06-Sep-2025 06:38:43 UTC]   Automatic theme updates complete.
[06-Sep-2025 06:38:43 UTC] Automatic updates complete.
[06-Sep-2025 19:32:07 UTC] Automatic updates starting...
[06-Sep-2025 19:32:07 UTC]   Automatic plugin updates starting...
[06-Sep-2025 19:32:07 UTC]   Automatic plugin updates complete.
[06-Sep-2025 19:32:07 UTC]   Automatic theme updates starting...
[06-Sep-2025 19:32:07 UTC]   Automatic theme updates complete.
[06-Sep-2025 19:32:07 UTC] Automatic updates complete.
[07-Sep-2025 06:48:06 UTC] Automatic updates starting...
[07-Sep-2025 06:48:07 UTC]   Automatic plugin updates starting...
[07-Sep-2025 06:48:07 UTC]   Automatic plugin updates complete.
[07-Sep-2025 06:48:07 UTC]   Automatic theme updates starting...
[07-Sep-2025 06:48:07 UTC]   Automatic theme updates complete.
[07-Sep-2025 06:48:07 UTC] Automatic updates complete.
[07-Sep-2025 19:12:40 UTC] Automatic updates starting...
[07-Sep-2025 19:12:40 UTC]   Automatic plugin updates starting...
[07-Sep-2025 19:12:40 UTC]   Automatic plugin updates complete.
[07-Sep-2025 19:12:41 UTC]   Automatic theme updates starting...
[07-Sep-2025 19:12:41 UTC]   Automatic theme updates complete.
[07-Sep-2025 19:12:41 UTC] Automatic updates complete.
[08-Sep-2025 06:43:39 UTC] Automatic updates starting...
[08-Sep-2025 06:43:39 UTC]   Automatic plugin updates starting...
[08-Sep-2025 06:43:39 UTC]   Automatic plugin updates complete.
[08-Sep-2025 06:43:40 UTC]   Automatic theme updates starting...
[08-Sep-2025 06:43:40 UTC]   Automatic theme updates complete.
[08-Sep-2025 06:43:40 UTC] Automatic updates complete.
[08-Sep-2025 19:12:01 UTC] Automatic updates starting...
[08-Sep-2025 19:12:02 UTC]   Automatic plugin updates starting...
[08-Sep-2025 19:12:02 UTC]   Automatic plugin updates complete.
[08-Sep-2025 19:12:02 UTC]   Automatic theme updates starting...
[08-Sep-2025 19:12:02 UTC]   Automatic theme updates complete.
[08-Sep-2025 19:12:02 UTC] Automatic updates complete.
[09-Sep-2025 06:58:37 UTC] Automatic updates starting...
[09-Sep-2025 06:58:37 UTC]   Automatic plugin updates starting...
[09-Sep-2025 06:58:37 UTC]   Automatic plugin updates complete.
[09-Sep-2025 06:58:38 UTC]   Automatic theme updates starting...
[09-Sep-2025 06:58:38 UTC]   Automatic theme updates complete.
[09-Sep-2025 06:58:38 UTC] Automatic updates complete.
[09-Sep-2025 18:42:04 UTC] Automatic updates starting...
[09-Sep-2025 18:42:04 UTC]   Automatic plugin updates starting...
[09-Sep-2025 18:42:04 UTC]   Automatic plugin updates complete.
[09-Sep-2025 18:42:05 UTC]   Automatic theme updates starting...
[09-Sep-2025 18:42:05 UTC]   Automatic theme updates complete.
[09-Sep-2025 18:42:05 UTC] Automatic updates complete.
[10-Sep-2025 07:59:24 UTC] Automatic updates starting...
[10-Sep-2025 07:59:25 UTC]   Automatic plugin updates starting...
[10-Sep-2025 07:59:25 UTC]   Automatic plugin updates complete.
[10-Sep-2025 07:59:25 UTC]   Automatic theme updates starting...
[10-Sep-2025 07:59:25 UTC]   Automatic theme updates complete.
[10-Sep-2025 07:59:25 UTC] Automatic updates complete.
[10-Sep-2025 19:12:45 UTC] Automatic updates starting...
[10-Sep-2025 19:12:46 UTC]   Automatic plugin updates starting...
[10-Sep-2025 19:12:46 UTC]   Automatic plugin updates complete.
[10-Sep-2025 19:12:46 UTC]   Automatic theme updates starting...
[10-Sep-2025 19:12:46 UTC]   Automatic theme updates complete.
[10-Sep-2025 19:12:46 UTC] Automatic updates complete.
[11-Sep-2025 07:13:34 UTC] Automatic updates starting...
[11-Sep-2025 07:13:34 UTC]   Automatic plugin updates starting...
[11-Sep-2025 07:13:34 UTC]   Automatic plugin updates complete.
[11-Sep-2025 07:13:35 UTC]   Automatic theme updates starting...
[11-Sep-2025 07:13:35 UTC]   Automatic theme updates complete.
[11-Sep-2025 07:13:35 UTC] Automatic updates complete.
[11-Sep-2025 11:03:29 UTC] JavaScript Error: SyntaxError: Unexpected token ':'. Expected a ';', ']', '}', ')', ',', line terminator or EOF following a arrow function statement. in https://citytouramsterdam.nl/wp-content/plugins/elementor/assets/js/webpack.runtime.js?ver=3.29.0 on line 68 column 0 at https://citytouramsterdam.nl/
[11-Sep-2025 11:03:30 UTC] JavaScript Error: SyntaxError: Unexpected keyword 'this' in https://citytouramsterdam.nl/wp-content/plugins/elementor/assets/js/frontend-modules.js?ver=3.29.0 on line 279 column 0 at https://citytouramsterdam.nl/
[11-Sep-2025 11:03:31 UTC] JavaScript Error: ReferenceError: Can't find variable: wp in https://citytouramsterdam.nl/ on line 664 column 3 at https://citytouramsterdam.nl/
[11-Sep-2025 11:03:31 UTC] JavaScript Error: SyntaxError: Unexpected token ':'. Expected a ';', ']', '}', ')', ',', line terminator or EOF following a arrow function statement. in https://citytouramsterdam.nl/wp-includes/js/dist/i18n.js?ver=5edc734adb78e0d7d00e on line 275 column 0 at https://citytouramsterdam.nl/
[11-Sep-2025 11:03:31 UTC] JavaScript Error: SyntaxError: Unexpected token '.' in https://citytouramsterdam.nl/wp-content/plugins/elementor/assets/js/frontend.js?ver=3.29.0 on line 120 column 0 at https://citytouramsterdam.nl/
[11-Sep-2025 11:03:31 UTC] JavaScript Error: SyntaxError: Unexpected keyword 'function' in https://citytouramsterdam.nl/wp-includes/js/dist/hooks.js?ver=be67dc331e61e06d52fa on line 363 column 0 at https://citytouramsterdam.nl/
[11-Sep-2025 19:04:58 UTC] Automatic updates starting...
[11-Sep-2025 19:04:59 UTC]   Automatic plugin updates starting...
[11-Sep-2025 19:04:59 UTC]   Automatic plugin updates complete.
[11-Sep-2025 19:04:59 UTC]   Automatic theme updates starting...
[11-Sep-2025 19:04:59 UTC]   Automatic theme updates complete.
[11-Sep-2025 19:04:59 UTC] Automatic updates complete.
[12-Sep-2025 07:40:41 UTC] Automatic updates starting...
[12-Sep-2025 07:40:41 UTC]   Automatic plugin updates starting...
[12-Sep-2025 07:40:41 UTC]   Automatic plugin updates complete.
[12-Sep-2025 07:40:42 UTC]   Automatic theme updates starting...
[12-Sep-2025 07:40:42 UTC]   Automatic theme updates complete.
[12-Sep-2025 07:40:42 UTC] Automatic updates complete.
[12-Sep-2025 19:09:21 UTC] Automatic updates starting...
[12-Sep-2025 19:09:21 UTC]   Automatic plugin updates starting...
[12-Sep-2025 19:09:21 UTC]   Automatic plugin updates complete.
[12-Sep-2025 19:09:22 UTC]   Automatic theme updates starting...
[12-Sep-2025 19:09:22 UTC]   Automatic theme updates complete.
[12-Sep-2025 19:09:22 UTC] Automatic updates complete.
[13-Sep-2025 06:44:18 UTC] Automatic updates starting...
[13-Sep-2025 06:44:18 UTC]   Automatic plugin updates starting...
[13-Sep-2025 06:44:18 UTC]   Automatic plugin updates complete.
[13-Sep-2025 06:44:19 UTC]   Automatic theme updates starting...
[13-Sep-2025 06:44:19 UTC]   Automatic theme updates complete.
[13-Sep-2025 06:44:19 UTC] Automatic updates complete.
[13-Sep-2025 19:26:21 UTC] Automatic updates starting...
[13-Sep-2025 19:26:21 UTC]   Automatic plugin updates starting...
[13-Sep-2025 19:26:21 UTC]   Automatic plugin updates complete.
[13-Sep-2025 19:26:22 UTC]   Automatic theme updates starting...
[13-Sep-2025 19:26:22 UTC]   Automatic theme updates complete.
[13-Sep-2025 19:26:22 UTC] Automatic updates complete.
[14-Sep-2025 06:43:36 UTC] Automatic updates starting...
[14-Sep-2025 06:43:37 UTC]   Automatic plugin updates starting...
[14-Sep-2025 06:43:37 UTC]   Automatic plugin updates complete.
[14-Sep-2025 06:43:37 UTC]   Automatic theme updates starting...
[14-Sep-2025 06:43:37 UTC]   Automatic theme updates complete.
[14-Sep-2025 06:43:37 UTC] Automatic updates complete.
[14-Sep-2025 18:44:53 UTC] Automatic updates starting...
[14-Sep-2025 18:44:53 UTC]   Automatic plugin updates starting...
[14-Sep-2025 18:44:53 UTC]   Automatic plugin updates complete.
[14-Sep-2025 18:44:54 UTC]   Automatic theme updates starting...
[14-Sep-2025 18:44:54 UTC]   Automatic theme updates complete.
[14-Sep-2025 18:44:54 UTC] Automatic updates complete.
[15-Sep-2025 06:52:32 UTC] Automatic updates starting...
[15-Sep-2025 06:52:32 UTC]   Automatic plugin updates starting...
[15-Sep-2025 06:52:32 UTC]   Automatic plugin updates complete.
[15-Sep-2025 06:52:32 UTC]   Automatic theme updates starting...
[15-Sep-2025 06:52:32 UTC]   Automatic theme updates complete.
[15-Sep-2025 06:52:32 UTC] Automatic updates complete.
[15-Sep-2025 18:47:54 UTC] Automatic updates starting...
[15-Sep-2025 18:47:54 UTC]   Automatic plugin updates starting...
[15-Sep-2025 18:47:54 UTC]   Automatic plugin updates complete.
[15-Sep-2025 18:47:54 UTC]   Automatic theme updates starting...
[15-Sep-2025 18:47:54 UTC]   Automatic theme updates complete.
[15-Sep-2025 18:47:54 UTC] Automatic updates complete.
[16-Sep-2025 06:45:20 UTC] Automatic updates starting...
[16-Sep-2025 06:45:20 UTC]   Automatic plugin updates starting...
[16-Sep-2025 06:45:20 UTC]   Automatic plugin updates complete.
[16-Sep-2025 06:45:20 UTC]   Automatic theme updates starting...
[16-Sep-2025 06:45:20 UTC]   Automatic theme updates complete.
[16-Sep-2025 06:45:20 UTC] Automatic updates complete.
[16-Sep-2025 18:37:33 UTC] Automatic updates starting...
[16-Sep-2025 18:37:34 UTC]   Automatic plugin updates starting...
[16-Sep-2025 18:37:34 UTC]   Automatic plugin updates complete.
[16-Sep-2025 18:37:34 UTC]   Automatic theme updates starting...
[16-Sep-2025 18:37:34 UTC]   Automatic theme updates complete.
[16-Sep-2025 18:37:34 UTC] Automatic updates complete.
[17-Sep-2025 07:47:05 UTC] Automatic updates starting...
[17-Sep-2025 07:47:05 UTC]   Automatic plugin updates starting...
[17-Sep-2025 07:47:05 UTC]   Automatic plugin updates complete.
[17-Sep-2025 07:47:06 UTC]   Automatic theme updates starting...
[17-Sep-2025 07:47:06 UTC]   Automatic theme updates complete.
[17-Sep-2025 07:47:06 UTC] Automatic updates complete.
[17-Sep-2025 18:40:21 UTC] Automatic updates starting...
[17-Sep-2025 18:40:21 UTC]   Automatic plugin updates starting...
[17-Sep-2025 18:40:21 UTC]   Automatic plugin updates complete.
[17-Sep-2025 18:40:22 UTC]   Automatic theme updates starting...
[17-Sep-2025 18:40:22 UTC]   Automatic theme updates complete.
[17-Sep-2025 18:40:22 UTC] Automatic updates complete.
[18-Sep-2025 06:37:42 UTC] Automatic updates starting...
[18-Sep-2025 06:37:42 UTC]   Automatic plugin updates starting...
[18-Sep-2025 06:37:42 UTC]   Automatic plugin updates complete.
[18-Sep-2025 06:37:42 UTC]   Automatic theme updates starting...
[18-Sep-2025 06:37:42 UTC]   Automatic theme updates complete.
[18-Sep-2025 06:37:42 UTC] Automatic updates complete.
[18-Sep-2025 18:37:44 UTC] Automatic updates starting...
[18-Sep-2025 18:37:44 UTC]   Automatic plugin updates starting...
[18-Sep-2025 18:37:44 UTC]   Automatic plugin updates complete.
[18-Sep-2025 18:37:45 UTC]   Automatic theme updates starting...
[18-Sep-2025 18:37:45 UTC]   Automatic theme updates complete.
[18-Sep-2025 18:37:45 UTC] Automatic updates complete.
[19-Sep-2025 07:12:43 UTC] Automatic updates starting...
[19-Sep-2025 07:12:43 UTC]   Automatic plugin updates starting...
[19-Sep-2025 07:12:43 UTC]   Automatic plugin updates complete.
[19-Sep-2025 07:12:44 UTC]   Automatic theme updates starting...
[19-Sep-2025 07:12:44 UTC]   Automatic theme updates complete.
[19-Sep-2025 07:12:44 UTC] Automatic updates complete.
[19-Sep-2025 18:39:49 UTC] Automatic updates starting...
[19-Sep-2025 18:39:50 UTC]   Automatic plugin updates starting...
[19-Sep-2025 18:39:50 UTC]   Automatic plugin updates complete.
[19-Sep-2025 18:39:50 UTC]   Automatic theme updates starting...
[19-Sep-2025 18:39:50 UTC]   Automatic theme updates complete.
[19-Sep-2025 18:39:50 UTC] Automatic updates complete.
[20-Sep-2025 06:50:07 UTC] Automatic updates starting...
[20-Sep-2025 06:50:07 UTC]   Automatic plugin updates starting...
[20-Sep-2025 06:50:07 UTC]   Automatic plugin updates complete.
[20-Sep-2025 06:50:07 UTC]   Automatic theme updates starting...
[20-Sep-2025 06:50:08 UTC]   Automatic theme updates complete.
[20-Sep-2025 06:50:08 UTC] Automatic updates complete.
[20-Sep-2025 18:57:10 UTC] Automatic updates starting...
[20-Sep-2025 18:57:10 UTC]   Automatic plugin updates starting...
[20-Sep-2025 18:57:10 UTC]   Automatic plugin updates complete.
[20-Sep-2025 18:57:11 UTC]   Automatic theme updates starting...
[20-Sep-2025 18:57:11 UTC]   Automatic theme updates complete.
[20-Sep-2025 18:57:11 UTC] Automatic updates complete.
[21-Sep-2025 06:40:03 UTC] Automatic updates starting...
[21-Sep-2025 06:40:03 UTC]   Automatic plugin updates starting...
[21-Sep-2025 06:40:03 UTC]   Automatic plugin updates complete.
[21-Sep-2025 06:40:04 UTC]   Automatic theme updates starting...
[21-Sep-2025 06:40:04 UTC]   Automatic theme updates complete.
[21-Sep-2025 06:40:04 UTC] Automatic updates complete.
[21-Sep-2025 19:08:10 UTC] Automatic updates starting...
[21-Sep-2025 19:08:11 UTC]   Automatic plugin updates starting...
[21-Sep-2025 19:08:11 UTC]   Automatic plugin updates complete.
[21-Sep-2025 19:08:11 UTC]   Automatic theme updates starting...
[21-Sep-2025 19:08:11 UTC]   Automatic theme updates complete.
[21-Sep-2025 19:08:11 UTC] Automatic updates complete.
[22-Sep-2025 07:26:15 UTC] Automatic updates starting...
[22-Sep-2025 07:26:15 UTC]   Automatic plugin updates starting...
[22-Sep-2025 07:26:15 UTC]   Automatic plugin updates complete.
[22-Sep-2025 07:26:16 UTC]   Automatic theme updates starting...
[22-Sep-2025 07:26:16 UTC]   Automatic theme updates complete.
[22-Sep-2025 07:26:16 UTC] Automatic updates complete.
[22-Sep-2025 18:49:16 UTC] Automatic updates starting...
[22-Sep-2025 18:49:16 UTC]   Automatic plugin updates starting...
[22-Sep-2025 18:49:16 UTC]   Automatic plugin updates complete.
[22-Sep-2025 18:49:17 UTC]   Automatic theme updates starting...
[22-Sep-2025 18:49:17 UTC]   Automatic theme updates complete.
[22-Sep-2025 18:49:17 UTC] Automatic updates complete.
[23-Sep-2025 07:05:58 UTC] Automatic updates starting...
[23-Sep-2025 07:05:59 UTC]   Automatic plugin updates starting...
[23-Sep-2025 07:05:59 UTC]   Automatic plugin updates complete.
[23-Sep-2025 07:05:59 UTC]   Automatic theme updates starting...
[23-Sep-2025 07:05:59 UTC]   Automatic theme updates complete.
[23-Sep-2025 07:05:59 UTC] Automatic updates complete.
[23-Sep-2025 18:59:12 UTC] Automatic updates starting...
[23-Sep-2025 18:59:12 UTC]   Automatic plugin updates starting...
[23-Sep-2025 18:59:12 UTC]   Automatic plugin updates complete.
[23-Sep-2025 18:59:12 UTC]   Automatic theme updates starting...
[23-Sep-2025 18:59:12 UTC]   Automatic theme updates complete.
[23-Sep-2025 18:59:12 UTC] Automatic updates complete.
[24-Sep-2025 06:38:42 UTC] Automatic updates starting...
[24-Sep-2025 06:38:42 UTC]   Automatic plugin updates starting...
[24-Sep-2025 06:38:42 UTC]   Automatic plugin updates complete.
[24-Sep-2025 06:38:43 UTC]   Automatic theme updates starting...
[24-Sep-2025 06:38:43 UTC]   Automatic theme updates complete.
[24-Sep-2025 06:38:43 UTC] Automatic updates complete.
[24-Sep-2025 19:09:06 UTC] Automatic updates starting...
[24-Sep-2025 19:09:06 UTC]   Automatic plugin updates starting...
[24-Sep-2025 19:09:06 UTC]   Automatic plugin updates complete.
[24-Sep-2025 19:09:07 UTC]   Automatic theme updates starting...
[24-Sep-2025 19:09:07 UTC]   Automatic theme updates complete.
[24-Sep-2025 19:09:07 UTC] Automatic updates complete.
[25-Sep-2025 06:45:16 UTC] Automatic updates starting...
[25-Sep-2025 06:45:17 UTC]   Automatic plugin updates starting...
[25-Sep-2025 06:45:17 UTC]   Automatic plugin updates complete.
[25-Sep-2025 06:45:17 UTC]   Automatic theme updates starting...
[25-Sep-2025 06:45:17 UTC]   Automatic theme updates complete.
[25-Sep-2025 06:45:17 UTC] Automatic updates complete.
[25-Sep-2025 18:44:26 UTC] Automatic updates starting...
[25-Sep-2025 18:44:26 UTC]   Automatic plugin updates starting...
[25-Sep-2025 18:44:26 UTC]   Automatic plugin updates complete.
[25-Sep-2025 18:44:27 UTC]   Automatic theme updates starting...
[25-Sep-2025 18:44:27 UTC]   Automatic theme updates complete.
[25-Sep-2025 18:44:27 UTC] Automatic updates complete.
[26-Sep-2025 06:52:25 UTC] Automatic updates starting...
[26-Sep-2025 06:52:26 UTC]   Automatic plugin updates starting...
[26-Sep-2025 06:52:26 UTC]   Automatic plugin updates complete.
[26-Sep-2025 06:52:26 UTC]   Automatic theme updates starting...
[26-Sep-2025 06:52:26 UTC]   Automatic theme updates complete.
[26-Sep-2025 06:52:26 UTC] Automatic updates complete.
[26-Sep-2025 18:45:18 UTC] Automatic updates starting...
[26-Sep-2025 18:45:19 UTC]   Automatic plugin updates starting...
[26-Sep-2025 18:45:19 UTC]   Automatic plugin updates complete.
[26-Sep-2025 18:45:19 UTC]   Automatic theme updates starting...
[26-Sep-2025 18:45:19 UTC]   Automatic theme updates complete.
[26-Sep-2025 18:45:19 UTC] Automatic updates complete.
[27-Sep-2025 06:45:35 UTC] Automatic updates starting...
[27-Sep-2025 06:45:35 UTC]   Automatic plugin updates starting...
[27-Sep-2025 06:45:35 UTC]   Automatic plugin updates complete.
[27-Sep-2025 06:45:35 UTC]   Automatic theme updates starting...
[27-Sep-2025 06:45:35 UTC]   Automatic theme updates complete.
[27-Sep-2025 06:45:35 UTC] Automatic updates complete.
[27-Sep-2025 19:06:58 UTC] Automatic updates starting...
[27-Sep-2025 19:06:58 UTC]   Automatic plugin updates starting...
[27-Sep-2025 19:06:58 UTC]   Automatic plugin updates complete.
[27-Sep-2025 19:06:59 UTC]   Automatic theme updates starting...
[27-Sep-2025 19:06:59 UTC]   Automatic theme updates complete.
[27-Sep-2025 19:06:59 UTC] Automatic updates complete.
[28-Sep-2025 06:47:11 UTC] Automatic updates starting...
[28-Sep-2025 06:47:11 UTC]   Automatic plugin updates starting...
[28-Sep-2025 06:47:11 UTC]   Automatic plugin updates complete.
[28-Sep-2025 06:47:12 UTC]   Automatic theme updates starting...
[28-Sep-2025 06:47:12 UTC]   Automatic theme updates complete.
[28-Sep-2025 06:47:12 UTC] Automatic updates complete.
[28-Sep-2025 19:11:29 UTC] Automatic updates starting...
[28-Sep-2025 19:11:29 UTC]   Automatic plugin updates starting...
[28-Sep-2025 19:11:29 UTC]   Automatic plugin updates complete.
[28-Sep-2025 19:11:30 UTC]   Automatic theme updates starting...
[28-Sep-2025 19:11:30 UTC]   Automatic theme updates complete.
[28-Sep-2025 19:11:30 UTC] Automatic updates complete.
[29-Sep-2025 06:41:40 UTC] Automatic updates starting...
[29-Sep-2025 06:41:40 UTC]   Automatic plugin updates starting...
[29-Sep-2025 06:41:40 UTC]   Automatic plugin updates complete.
[29-Sep-2025 06:41:40 UTC]   Automatic theme updates starting...
[29-Sep-2025 06:41:40 UTC]   Automatic theme updates complete.
[29-Sep-2025 06:41:40 UTC] Automatic updates complete.
[29-Sep-2025 19:53:47 UTC] Automatic updates starting...
[29-Sep-2025 19:53:47 UTC]   Automatic plugin updates starting...
[29-Sep-2025 19:53:47 UTC]   Automatic plugin updates complete.
[29-Sep-2025 19:53:48 UTC]   Automatic theme updates starting...
[29-Sep-2025 19:53:48 UTC]   Automatic theme updates complete.
[29-Sep-2025 19:53:48 UTC] Automatic updates complete.
[30-Sep-2025 07:33:52 UTC] Automatic updates starting...
[30-Sep-2025 07:33:52 UTC]   Automatic plugin updates starting...
[30-Sep-2025 07:33:52 UTC]   Automatic plugin updates complete.
[30-Sep-2025 07:33:53 UTC]   Automatic theme updates starting...
[30-Sep-2025 07:33:53 UTC]   Automatic theme updates complete.
[30-Sep-2025 07:33:53 UTC] Automatic updates complete.
[30-Sep-2025 19:11:09 UTC] Automatic updates starting...
[30-Sep-2025 19:11:10 UTC]   Automatic plugin updates starting...
[30-Sep-2025 19:11:10 UTC]   Automatic plugin updates complete.
[30-Sep-2025 19:11:10 UTC]   Automatic theme updates starting...
[30-Sep-2025 19:11:10 UTC]   Automatic theme updates complete.
[30-Sep-2025 19:11:10 UTC] Automatic updates complete.
[01-Oct-2025 06:54:23 UTC] Automatic updates starting...
[01-Oct-2025 06:54:23 UTC]   Automatic plugin updates starting...
[01-Oct-2025 06:54:23 UTC]   Automatic plugin updates complete.
[01-Oct-2025 06:54:24 UTC]   Automatic theme updates starting...
[01-Oct-2025 06:54:24 UTC]   Automatic theme updates complete.
[01-Oct-2025 06:54:24 UTC] Automatic updates complete.
[01-Oct-2025 20:03:42 UTC] Automatic updates starting...
[01-Oct-2025 20:03:43 UTC]   Automatic plugin updates starting...
[01-Oct-2025 20:03:43 UTC]   Automatic plugin updates complete.
[01-Oct-2025 20:03:43 UTC]   Automatic theme updates starting...
[01-Oct-2025 20:03:43 UTC]   Automatic theme updates complete.
[01-Oct-2025 20:03:43 UTC] Automatic updates complete.
[02-Oct-2025 09:06:59 UTC] Automatic updates starting...
[02-Oct-2025 09:06:59 UTC]   Automatic plugin updates starting...
[02-Oct-2025 09:06:59 UTC]   Automatic plugin updates complete.
[02-Oct-2025 09:06:59 UTC]   Automatic theme updates starting...
[02-Oct-2025 09:06:59 UTC]   Automatic theme updates complete.
[02-Oct-2025 09:06:59 UTC] Automatic updates complete.
[02-Oct-2025 18:37:32 UTC] Automatic updates starting...
[02-Oct-2025 18:37:32 UTC]   Automatic plugin updates starting...
[02-Oct-2025 18:37:32 UTC]   Automatic plugin updates complete.
[02-Oct-2025 18:37:33 UTC]   Automatic theme updates starting...
[02-Oct-2025 18:37:33 UTC]   Automatic theme updates complete.
[02-Oct-2025 18:37:33 UTC] Automatic updates complete.
[03-Oct-2025 07:23:26 UTC] Automatic updates starting...
[03-Oct-2025 07:23:27 UTC]   Automatic plugin updates starting...
[03-Oct-2025 07:23:27 UTC]   Automatic plugin updates complete.
[03-Oct-2025 07:23:27 UTC]   Automatic theme updates starting...
[03-Oct-2025 07:23:27 UTC]   Automatic theme updates complete.
[03-Oct-2025 07:23:27 UTC] Automatic updates complete.
[03-Oct-2025 19:00:43 UTC] Automatic updates starting...
[03-Oct-2025 19:00:43 UTC]   Automatic plugin updates starting...
[03-Oct-2025 19:00:43 UTC]   Automatic plugin updates complete.
[03-Oct-2025 19:00:43 UTC]   Automatic theme updates starting...
[03-Oct-2025 19:00:43 UTC]   Automatic theme updates complete.
[03-Oct-2025 19:00:43 UTC] Automatic updates complete.
[04-Oct-2025 13:20:48 UTC] Automatic updates starting...
[04-Oct-2025 13:20:49 UTC]   Automatic plugin updates starting...
[04-Oct-2025 13:20:49 UTC]   Automatic plugin updates complete.
[04-Oct-2025 13:20:49 UTC]   Automatic theme updates starting...
[04-Oct-2025 13:20:49 UTC]   Automatic theme updates complete.
[04-Oct-2025 13:20:49 UTC] Automatic updates complete.
[04-Oct-2025 22:13:26 UTC] Automatic updates starting...
[04-Oct-2025 22:13:27 UTC]   Automatic plugin updates starting...
[04-Oct-2025 22:13:27 UTC]   Automatic plugin updates complete.
[04-Oct-2025 22:13:27 UTC]   Automatic theme updates starting...
[04-Oct-2025 22:13:27 UTC]   Automatic theme updates complete.
[04-Oct-2025 22:13:27 UTC] Automatic updates complete.
[05-Oct-2025 07:06:34 UTC] Automatic updates starting...
[05-Oct-2025 07:06:35 UTC]   Automatic plugin updates starting...
[05-Oct-2025 07:06:35 UTC]   Automatic plugin updates complete.
[05-Oct-2025 07:06:35 UTC]   Automatic theme updates starting...
[05-Oct-2025 07:06:35 UTC]   Automatic theme updates complete.
[05-Oct-2025 07:06:35 UTC] Automatic updates complete.
[05-Oct-2025 20:11:14 UTC] Automatic updates starting...
[05-Oct-2025 20:11:14 UTC]   Automatic plugin updates starting...
[05-Oct-2025 20:11:14 UTC]   Automatic plugin updates complete.
[05-Oct-2025 20:11:14 UTC]   Automatic theme updates starting...
[05-Oct-2025 20:11:14 UTC]   Automatic theme updates complete.
[05-Oct-2025 20:11:14 UTC] Automatic updates complete.
[06-Oct-2025 07:50:55 UTC] Automatic updates starting...
[06-Oct-2025 07:50:55 UTC]   Automatic plugin updates starting...
[06-Oct-2025 07:50:55 UTC]   Automatic plugin updates complete.
[06-Oct-2025 07:50:55 UTC]   Automatic theme updates starting...
[06-Oct-2025 07:50:55 UTC]   Automatic theme updates complete.
[06-Oct-2025 07:50:55 UTC] Automatic updates complete.
[06-Oct-2025 18:39:30 UTC] Automatic updates starting...
[06-Oct-2025 18:39:31 UTC]   Automatic plugin updates starting...
[06-Oct-2025 18:39:31 UTC]   Automatic plugin updates complete.
[06-Oct-2025 18:39:31 UTC]   Automatic theme updates starting...
[06-Oct-2025 18:39:31 UTC]   Automatic theme updates complete.
[06-Oct-2025 18:39:31 UTC] Automatic updates complete.
[07-Oct-2025 06:43:58 UTC] Automatic updates starting...
[07-Oct-2025 06:43:59 UTC]   Automatic plugin updates starting...
[07-Oct-2025 06:43:59 UTC]   Automatic plugin updates complete.
[07-Oct-2025 06:43:59 UTC]   Automatic theme updates starting...
[07-Oct-2025 06:43:59 UTC]   Automatic theme updates complete.
[07-Oct-2025 06:43:59 UTC] Automatic updates complete.
[07-Oct-2025 18:43:54 UTC] Automatic updates starting...
[07-Oct-2025 18:43:55 UTC]   Automatic plugin updates starting...
[07-Oct-2025 18:43:55 UTC]   Automatic plugin updates complete.
[07-Oct-2025 18:43:55 UTC]   Automatic theme updates starting...
[07-Oct-2025 18:43:55 UTC]   Automatic theme updates complete.
[07-Oct-2025 18:43:55 UTC] Automatic updates complete.
[08-Oct-2025 06:59:05 UTC] Automatic updates starting...
[08-Oct-2025 06:59:05 UTC]   Automatic plugin updates starting...
[08-Oct-2025 06:59:05 UTC]   Automatic plugin updates complete.
[08-Oct-2025 06:59:05 UTC]   Automatic theme updates starting...
[08-Oct-2025 06:59:05 UTC]   Automatic theme updates complete.
[08-Oct-2025 06:59:05 UTC] Automatic updates complete.
[08-Oct-2025 18:43:33 UTC] Automatic updates starting...
[08-Oct-2025 18:43:34 UTC]   Automatic plugin updates starting...
[08-Oct-2025 18:43:34 UTC]   Automatic plugin updates complete.
[08-Oct-2025 18:43:34 UTC]   Automatic theme updates starting...
[08-Oct-2025 18:43:34 UTC]   Automatic theme updates complete.
[08-Oct-2025 18:43:34 UTC] Automatic updates complete.
[09-Oct-2025 06:37:38 UTC] Automatic updates starting...
[09-Oct-2025 06:37:38 UTC]   Automatic plugin updates starting...
[09-Oct-2025 06:37:39 UTC]   Automatic plugin updates complete.
[09-Oct-2025 06:37:39 UTC]   Automatic theme updates starting...
[09-Oct-2025 06:37:39 UTC]   Automatic theme updates complete.
[09-Oct-2025 06:37:39 UTC] Automatic updates complete.
[09-Oct-2025 18:48:38 UTC] Automatic updates starting...
[09-Oct-2025 18:48:38 UTC]   Automatic plugin updates starting...
[09-Oct-2025 18:48:38 UTC]   Automatic plugin updates complete.
[09-Oct-2025 18:48:38 UTC]   Automatic theme updates starting...
[09-Oct-2025 18:48:38 UTC]   Automatic theme updates complete.
[09-Oct-2025 18:48:38 UTC] Automatic updates complete.
[10-Oct-2025 07:54:54 UTC] Automatic updates starting...
[10-Oct-2025 07:54:55 UTC]   Automatic plugin updates starting...
[10-Oct-2025 07:54:55 UTC]   Automatic plugin updates complete.
[10-Oct-2025 07:54:55 UTC]   Automatic theme updates starting...
[10-Oct-2025 07:54:55 UTC]   Automatic theme updates complete.
[10-Oct-2025 07:54:55 UTC] Automatic updates complete.
[10-Oct-2025 21:27:21 UTC] Automatic updates starting...
[10-Oct-2025 21:27:22 UTC]   Automatic plugin updates starting...
[10-Oct-2025 21:27:22 UTC]   Automatic plugin updates complete.
[10-Oct-2025 21:27:22 UTC]   Automatic theme updates starting...
[10-Oct-2025 21:27:22 UTC]   Automatic theme updates complete.
[10-Oct-2025 21:27:22 UTC] Automatic updates complete.
[11-Oct-2025 07:54:26 UTC] Automatic updates starting...
[11-Oct-2025 07:54:26 UTC]   Automatic plugin updates starting...
[11-Oct-2025 07:54:26 UTC]   Automatic plugin updates complete.
[11-Oct-2025 07:54:26 UTC]   Automatic theme updates starting...
[11-Oct-2025 07:54:26 UTC]   Automatic theme updates complete.
[11-Oct-2025 07:54:26 UTC] Automatic updates complete.
[11-Oct-2025 19:29:23 UTC] Automatic updates starting...
[11-Oct-2025 19:29:24 UTC]   Automatic plugin updates starting...
[11-Oct-2025 19:29:24 UTC]   Automatic plugin updates complete.
[11-Oct-2025 19:29:24 UTC]   Automatic theme updates starting...
[11-Oct-2025 19:29:24 UTC]   Automatic theme updates complete.
[11-Oct-2025 19:29:24 UTC] Automatic updates complete.
[12-Oct-2025 07:29:34 UTC] Automatic updates starting...
[12-Oct-2025 07:29:34 UTC]   Automatic plugin updates starting...
[12-Oct-2025 07:29:34 UTC]   Automatic plugin updates complete.
[12-Oct-2025 07:29:34 UTC]   Automatic theme updates starting...
[12-Oct-2025 07:29:34 UTC]   Automatic theme updates complete.
[12-Oct-2025 07:29:34 UTC] Automatic updates complete.
[12-Oct-2025 19:01:39 UTC] Automatic updates starting...
[12-Oct-2025 19:01:39 UTC]   Automatic plugin updates starting...
[12-Oct-2025 19:01:39 UTC]   Automatic plugin updates complete.
[12-Oct-2025 19:01:40 UTC]   Automatic theme updates starting...
[12-Oct-2025 19:01:40 UTC]   Automatic theme updates complete.
[12-Oct-2025 19:01:40 UTC] Automatic updates complete.
[13-Oct-2025 06:37:56 UTC] Automatic updates starting...
[13-Oct-2025 06:37:56 UTC]   Automatic plugin updates starting...
[13-Oct-2025 06:37:56 UTC]   Automatic plugin updates complete.
[13-Oct-2025 06:37:56 UTC]   Automatic theme updates starting...
[13-Oct-2025 06:37:56 UTC]   Automatic theme updates complete.
[13-Oct-2025 06:37:56 UTC] Automatic updates complete.
[13-Oct-2025 18:40:08 UTC] Automatic updates starting...
[13-Oct-2025 18:40:09 UTC]   Automatic plugin updates starting...
[13-Oct-2025 18:40:09 UTC]   Automatic plugin updates complete.
[13-Oct-2025 18:40:09 UTC]   Automatic theme updates starting...
[13-Oct-2025 18:40:09 UTC]   Automatic theme updates complete.
[13-Oct-2025 18:40:09 UTC] Automatic updates complete.
[14-Oct-2025 06:48:32 UTC] Automatic updates starting...
[14-Oct-2025 06:48:32 UTC]   Automatic plugin updates starting...
[14-Oct-2025 06:48:32 UTC]   Automatic plugin updates complete.
[14-Oct-2025 06:48:32 UTC]   Automatic theme updates starting...
[14-Oct-2025 06:48:32 UTC]   Automatic theme updates complete.
[14-Oct-2025 06:48:32 UTC] Automatic updates complete.
[14-Oct-2025 19:05:27 UTC] Automatic updates starting...
[14-Oct-2025 19:05:28 UTC]   Automatic plugin updates starting...
[14-Oct-2025 19:05:28 UTC]   Automatic plugin updates complete.
[14-Oct-2025 19:05:28 UTC]   Automatic theme updates starting...
[14-Oct-2025 19:05:28 UTC]   Automatic theme updates complete.
[14-Oct-2025 19:05:28 UTC] Automatic updates complete.
[15-Oct-2025 06:38:54 UTC] Automatic updates starting...
[15-Oct-2025 06:38:54 UTC]   Automatic plugin updates starting...
[15-Oct-2025 06:38:54 UTC]   Automatic plugin updates complete.
[15-Oct-2025 06:38:55 UTC]   Automatic theme updates starting...
[15-Oct-2025 06:38:55 UTC]   Automatic theme updates complete.
[15-Oct-2025 06:38:55 UTC] Automatic updates complete.
[15-Oct-2025 10:13:00 UTC] PHP Warning:  Attempt to read property "title" on null in /customers/0/9/6/clw18od8u/webroots/sites/httpdocs/wp-includes/class-wp-customize-widgets.php on line 926
[15-Oct-2025 18:40:26 UTC] Automatic updates starting...
[15-Oct-2025 18:40:26 UTC]   Automatic plugin updates starting...
[15-Oct-2025 18:40:26 UTC]   Automatic plugin updates complete.
[15-Oct-2025 18:40:27 UTC]   Automatic theme updates starting...
[15-Oct-2025 18:40:27 UTC]   Automatic theme updates complete.
[15-Oct-2025 18:40:27 UTC] Automatic updates complete.
[16-Oct-2025 06:37:39 UTC] Automatic updates starting...
[16-Oct-2025 06:37:39 UTC]   Automatic plugin updates starting...
[16-Oct-2025 06:37:39 UTC]   Automatic plugin updates complete.
[16-Oct-2025 06:37:40 UTC]   Automatic theme updates starting...
[16-Oct-2025 06:37:40 UTC]   Automatic theme updates complete.
[16-Oct-2025 06:37:40 UTC] Automatic updates complete.
[16-Oct-2025 18:40:52 UTC] Automatic updates starting...
[16-Oct-2025 18:40:52 UTC]   Automatic plugin updates starting...
[16-Oct-2025 18:40:52 UTC]   Automatic plugin updates complete.
[16-Oct-2025 18:40:52 UTC]   Automatic theme updates starting...
[16-Oct-2025 18:40:52 UTC]   Automatic theme updates complete.
[16-Oct-2025 18:40:52 UTC] Automatic updates complete.
[17-Oct-2025 07:06:15 UTC] Automatic updates starting...
[17-Oct-2025 07:06:16 UTC]   Automatic plugin updates starting...
[17-Oct-2025 07:06:16 UTC]   Automatic plugin updates complete.
[17-Oct-2025 07:06:16 UTC]   Automatic theme updates starting...
[17-Oct-2025 07:06:16 UTC]   Automatic theme updates complete.
[17-Oct-2025 07:06:16 UTC] Automatic updates complete.
[17-Oct-2025 18:38:40 UTC] Automatic updates starting...
[17-Oct-2025 18:38:40 UTC]   Automatic plugin updates starting...
[17-Oct-2025 18:38:40 UTC]   Automatic plugin updates complete.
[17-Oct-2025 18:38:41 UTC]   Automatic theme updates starting...
[17-Oct-2025 18:38:41 UTC]   Automatic theme updates complete.
[17-Oct-2025 18:38:41 UTC] Automatic updates complete.
[18-Oct-2025 06:39:36 UTC] Automatic updates starting...
[18-Oct-2025 06:39:37 UTC]   Automatic plugin updates starting...
[18-Oct-2025 06:39:37 UTC]   Automatic plugin updates complete.
[18-Oct-2025 06:39:37 UTC]   Automatic theme updates starting...
[18-Oct-2025 06:39:37 UTC]   Automatic theme updates complete.
[18-Oct-2025 06:39:37 UTC] Automatic updates complete.
[18-Oct-2025 18:55:53 UTC] Automatic updates starting...
[18-Oct-2025 18:55:54 UTC]   Automatic plugin updates starting...
[18-Oct-2025 18:55:54 UTC]   Automatic plugin updates complete.
[18-Oct-2025 18:55:54 UTC]   Automatic theme updates starting...
[18-Oct-2025 18:55:54 UTC]   Automatic theme updates complete.
[18-Oct-2025 18:55:54 UTC] Automatic updates complete.
[19-Oct-2025 06:40:42 UTC] Automatic updates starting...
[19-Oct-2025 06:40:42 UTC]   Automatic plugin updates starting...
[19-Oct-2025 06:40:42 UTC]   Automatic plugin updates complete.
[19-Oct-2025 06:40:43 UTC]   Automatic theme updates starting...
[19-Oct-2025 06:40:43 UTC]   Automatic theme updates complete.
[19-Oct-2025 06:40:43 UTC] Automatic updates complete.
[19-Oct-2025 18:48:48 UTC] Automatic updates starting...
[19-Oct-2025 18:48:48 UTC]   Automatic plugin updates starting...
[19-Oct-2025 18:48:48 UTC]   Automatic plugin updates complete.
[19-Oct-2025 18:48:48 UTC]   Automatic theme updates starting...
[19-Oct-2025 18:48:48 UTC]   Automatic theme updates complete.
[19-Oct-2025 18:48:48 UTC] Automatic updates complete.
[20-Oct-2025 06:47:07 UTC] Automatic updates starting...
[20-Oct-2025 06:47:07 UTC]   Automatic plugin updates starting...
[20-Oct-2025 06:47:07 UTC]   Automatic plugin updates complete.
[20-Oct-2025 06:47:08 UTC]   Automatic theme updates starting...
[20-Oct-2025 06:47:08 UTC]   Automatic theme updates complete.
[20-Oct-2025 06:47:08 UTC] Automatic updates complete.
[20-Oct-2025 21:23:09 UTC] Automatic updates starting...
[20-Oct-2025 21:23:09 UTC]   Automatic plugin updates starting...
[20-Oct-2025 21:23:09 UTC]   Automatic plugin updates complete.
[20-Oct-2025 21:23:10 UTC]   Automatic theme updates starting...
[20-Oct-2025 21:23:10 UTC]   Automatic theme updates complete.
[20-Oct-2025 21:23:10 UTC] Automatic updates complete.
[21-Oct-2025 06:38:30 UTC] Automatic updates starting...
[21-Oct-2025 06:38:31 UTC]   Automatic plugin updates starting...
[21-Oct-2025 06:38:31 UTC]   Automatic plugin updates complete.
[21-Oct-2025 06:38:31 UTC]   Automatic theme updates starting...
[21-Oct-2025 06:38:31 UTC]   Automatic theme updates complete.
[21-Oct-2025 06:38:31 UTC] Automatic updates complete.
[21-Oct-2025 18:49:53 UTC] Automatic updates starting...
[21-Oct-2025 18:49:53 UTC]   Automatic plugin updates starting...
[21-Oct-2025 18:49:53 UTC]   Automatic plugin updates complete.
[21-Oct-2025 18:49:53 UTC]   Automatic theme updates starting...
[21-Oct-2025 18:49:53 UTC]   Automatic theme updates complete.
[21-Oct-2025 18:49:53 UTC] Automatic updates complete.
[22-Oct-2025 07:14:29 UTC] Automatic updates starting...
[22-Oct-2025 07:14:29 UTC]   Automatic plugin updates starting...
[22-Oct-2025 07:14:29 UTC]   Automatic plugin updates complete.
[22-Oct-2025 07:14:30 UTC]   Automatic theme updates starting...
[22-Oct-2025 07:14:30 UTC]   Automatic theme updates complete.
[22-Oct-2025 07:14:30 UTC] Automatic updates complete.
[22-Oct-2025 19:39:10 UTC] Automatic updates starting...
[22-Oct-2025 19:39:10 UTC]   Automatic plugin updates starting...
[22-Oct-2025 19:39:10 UTC]   Automatic plugin updates complete.
[22-Oct-2025 19:39:11 UTC]   Automatic theme updates starting...
[22-Oct-2025 19:39:11 UTC]   Automatic theme updates complete.
[22-Oct-2025 19:39:11 UTC] Automatic updates complete.
[23-Oct-2025 06:50:37 UTC] Automatic updates starting...
[23-Oct-2025 06:50:37 UTC]   Automatic plugin updates starting...
[23-Oct-2025 06:50:37 UTC]   Automatic plugin updates complete.
[23-Oct-2025 06:50:38 UTC]   Automatic theme updates starting...
[23-Oct-2025 06:50:38 UTC]   Automatic theme updates complete.
[23-Oct-2025 06:50:38 UTC] Automatic updates complete.
[23-Oct-2025 19:04:21 UTC] Automatic updates starting...
[23-Oct-2025 19:04:21 UTC]   Automatic plugin updates starting...
[23-Oct-2025 19:04:21 UTC]   Automatic plugin updates complete.
[23-Oct-2025 19:04:21 UTC]   Automatic theme updates starting...
[23-Oct-2025 19:04:21 UTC]   Automatic theme updates complete.
[23-Oct-2025 19:04:21 UTC] Automatic updates complete.
[24-Oct-2025 08:08:36 UTC] Automatic updates starting...
[24-Oct-2025 08:08:37 UTC]   Automatic plugin updates starting...
[24-Oct-2025 08:08:37 UTC]   Automatic plugin updates complete.
[24-Oct-2025 08:08:37 UTC]   Automatic theme updates starting...
[24-Oct-2025 08:08:37 UTC]   Automatic theme updates complete.
[24-Oct-2025 08:08:37 UTC] Automatic updates complete.
